<?xml version="1.0" encoding="UTF-8"?>
<testng-results ignored="0" total="4" passed="4" failed="0" skipped="0">
  <reporter-output>
  </reporter-output>
  <suite started-at="2023-02-10T18:13:11 IST" name="Default suite" finished-at="2023-02-10T18:13:48 IST" duration-ms="36941">
    <groups>
      <group name="regression">
        <method signature="LoginTest.verifyBuildTitleName()[pri:-1, instance:test.LoginTest@4dbb42b7]" name="verifyBuildTitleName" class="test.LoginTest"/>
        <method signature="LoginTest.verifyCurrentUrlOfPage()[pri:1, instance:test.LoginTest@4dbb42b7]" name="verifyCurrentUrlOfPage" class="test.LoginTest"/>
        <method signature="LoginTest.verifyLoginWithCorrectCredentials()[pri:2, instance:test.LoginTest@4dbb42b7]" name="verifyLoginWithCorrectCredentials" class="test.LoginTest"/>
        <method signature="LoginTest.verifyTitleOfLoginPage()[pri:0, instance:test.LoginTest@4dbb42b7]" name="verifyTitleOfLoginPage" class="test.LoginTest"/>
      </group> <!-- regression -->
      <group name="smoke">
        <method signature="LoginTest.verifyBuildTitleName()[pri:-1, instance:test.LoginTest@4dbb42b7]" name="verifyBuildTitleName" class="test.LoginTest"/>
        <method signature="LoginTest.verifyCurrentUrlOfPage()[pri:1, instance:test.LoginTest@4dbb42b7]" name="verifyCurrentUrlOfPage" class="test.LoginTest"/>
        <method signature="LoginTest.verifyLoginWithCorrectCredentials()[pri:2, instance:test.LoginTest@4dbb42b7]" name="verifyLoginWithCorrectCredentials" class="test.LoginTest"/>
        <method signature="LoginTest.verifyTitleOfLoginPage()[pri:0, instance:test.LoginTest@4dbb42b7]" name="verifyTitleOfLoginPage" class="test.LoginTest"/>
      </group> <!-- smoke -->
    </groups>
    <test started-at="2023-02-10T18:13:11 IST" name="Default test" finished-at="2023-02-10T18:13:48 IST" duration-ms="36941">
      <class name="test.LoginTest">
        <test-method is-config="true" signature="initBrowser()[pri:0, instance:test.LoginTest@4dbb42b7]" started-at="2023-02-10T18:13:11 IST" name="initBrowser" finished-at="2023-02-10T18:13:38 IST" duration-ms="27392" status="PASS">
          <reporter-output>
          </reporter-output>
        </test-method> <!-- initBrowser -->
        <test-method is-config="true" signature="pageObjects()[pri:0, instance:test.LoginTest@4dbb42b7]" started-at="2023-02-10T18:13:38 IST" name="pageObjects" finished-at="2023-02-10T18:13:38 IST" duration-ms="41" status="PASS">
          <reporter-output>
          </reporter-output>
        </test-method> <!-- pageObjects -->
        <test-method signature="verifyBuildTitleName()[pri:-1, instance:test.LoginTest@4dbb42b7]" started-at="2023-02-10T18:13:38 IST" name="verifyBuildTitleName" finished-at="2023-02-10T18:13:38 IST" duration-ms="39" status="PASS">
          <reporter-output>
          </reporter-output>
        </test-method> <!-- verifyBuildTitleName -->
        <test-method signature="verifyTitleOfLoginPage()[pri:0, instance:test.LoginTest@4dbb42b7]" started-at="2023-02-10T18:13:38 IST" name="verifyTitleOfLoginPage" finished-at="2023-02-10T18:13:40 IST" duration-ms="1474" status="PASS">
          <reporter-output>
          </reporter-output>
        </test-method> <!-- verifyTitleOfLoginPage -->
        <test-method signature="verifyCurrentUrlOfPage()[pri:1, instance:test.LoginTest@4dbb42b7]" started-at="2023-02-10T18:13:40 IST" name="verifyCurrentUrlOfPage" finished-at="2023-02-10T18:13:40 IST" duration-ms="10" status="PASS">
          <reporter-output>
          </reporter-output>
        </test-method> <!-- verifyCurrentUrlOfPage -->
        <test-method signature="verifyLoginWithCorrectCredentials()[pri:2, instance:test.LoginTest@4dbb42b7]" started-at="2023-02-10T18:13:40 IST" name="verifyLoginWithCorrectCredentials" finished-at="2023-02-10T18:13:43 IST" duration-ms="3591" status="PASS">
          <reporter-output>
          </reporter-output>
        </test-method> <!-- verifyLoginWithCorrectCredentials -->
        <test-method is-config="true" signature="logoutUser()[pri:0, instance:test.LoginTest@4dbb42b7]" started-at="2023-02-10T18:13:43 IST" name="logoutUser" finished-at="2023-02-10T18:13:48 IST" duration-ms="4339" status="PASS">
          <reporter-output>
          </reporter-output>
        </test-method> <!-- logoutUser -->
        <test-method is-config="true" signature="tearDown()[pri:0, instance:test.LoginTest@4dbb42b7]" started-at="2023-02-10T18:13:48 IST" name="tearDown" finished-at="2023-02-10T18:13:49 IST" duration-ms="703" status="PASS">
          <reporter-output>
          </reporter-output>
        </test-method> <!-- tearDown -->
      </class> <!-- test.LoginTest -->
    </test> <!-- Default test -->
  </suite> <!-- Default suite -->
</testng-results>
