<?xml version="1.0" encoding="UTF-8"?>
<testng-results ignored="0" total="4" passed="4" failed="0" skipped="0">
  <reporter-output>
  </reporter-output>
  <suite started-at="2023-02-09T19:39:20 IST" name="Default suite" finished-at="2023-02-09T19:39:35 IST" duration-ms="14550">
    <groups>
      <group name="regression">
        <method signature="LoginTest.verifyBuildTitleName()[pri:-1, instance:test.LoginTest@4dbb42b7]" name="verifyBuildTitleName" class="test.LoginTest"/>
        <method signature="LoginTest.verifyCurrentUrlOfPage()[pri:1, instance:test.LoginTest@4dbb42b7]" name="verifyCurrentUrlOfPage" class="test.LoginTest"/>
        <method signature="LoginTest.verifyLoginWithCorrectCredentials()[pri:2, instance:test.LoginTest@4dbb42b7]" name="verifyLoginWithCorrectCredentials" class="test.LoginTest"/>
        <method signature="LoginTest.verifyTitleOfLoginPage()[pri:0, instance:test.LoginTest@4dbb42b7]" name="verifyTitleOfLoginPage" class="test.LoginTest"/>
      </group> <!-- regression -->
      <group name="smoke">
        <method signature="LoginTest.verifyBuildTitleName()[pri:-1, instance:test.LoginTest@4dbb42b7]" name="verifyBuildTitleName" class="test.LoginTest"/>
        <method signature="LoginTest.verifyCurrentUrlOfPage()[pri:1, instance:test.LoginTest@4dbb42b7]" name="verifyCurrentUrlOfPage" class="test.LoginTest"/>
        <method signature="LoginTest.verifyLoginWithCorrectCredentials()[pri:2, instance:test.LoginTest@4dbb42b7]" name="verifyLoginWithCorrectCredentials" class="test.LoginTest"/>
        <method signature="LoginTest.verifyTitleOfLoginPage()[pri:0, instance:test.LoginTest@4dbb42b7]" name="verifyTitleOfLoginPage" class="test.LoginTest"/>
      </group> <!-- smoke -->
    </groups>
    <test started-at="2023-02-09T19:39:20 IST" name="Default test" finished-at="2023-02-09T19:39:35 IST" duration-ms="14550">
      <class name="test.LoginTest">
        <test-method is-config="true" signature="initBrowser()[pri:0, instance:test.LoginTest@4dbb42b7]" started-at="2023-02-09T19:39:20 IST" name="initBrowser" finished-at="2023-02-09T19:39:28 IST" duration-ms="7272" status="PASS">
          <reporter-output>
          </reporter-output>
        </test-method> <!-- initBrowser -->
        <test-method is-config="true" signature="pageObjects()[pri:0, instance:test.LoginTest@4dbb42b7]" started-at="2023-02-09T19:39:28 IST" name="pageObjects" finished-at="2023-02-09T19:39:28 IST" duration-ms="26" status="PASS">
          <reporter-output>
          </reporter-output>
        </test-method> <!-- pageObjects -->
        <test-method signature="verifyBuildTitleName()[pri:-1, instance:test.LoginTest@4dbb42b7]" started-at="2023-02-09T19:39:28 IST" name="verifyBuildTitleName" finished-at="2023-02-09T19:39:28 IST" duration-ms="21" status="PASS">
          <reporter-output>
          </reporter-output>
        </test-method> <!-- verifyBuildTitleName -->
        <test-method signature="verifyTitleOfLoginPage()[pri:0, instance:test.LoginTest@4dbb42b7]" started-at="2023-02-09T19:39:28 IST" name="verifyTitleOfLoginPage" finished-at="2023-02-09T19:39:28 IST" duration-ms="402" status="PASS">
          <reporter-output>
          </reporter-output>
        </test-method> <!-- verifyTitleOfLoginPage -->
        <test-method signature="verifyCurrentUrlOfPage()[pri:1, instance:test.LoginTest@4dbb42b7]" started-at="2023-02-09T19:39:28 IST" name="verifyCurrentUrlOfPage" finished-at="2023-02-09T19:39:28 IST" duration-ms="12" status="PASS">
          <reporter-output>
          </reporter-output>
        </test-method> <!-- verifyCurrentUrlOfPage -->
        <test-method signature="verifyLoginWithCorrectCredentials()[pri:2, instance:test.LoginTest@4dbb42b7]" started-at="2023-02-09T19:39:28 IST" name="verifyLoginWithCorrectCredentials" finished-at="2023-02-09T19:39:31 IST" duration-ms="2452" status="PASS">
          <reporter-output>
          </reporter-output>
        </test-method> <!-- verifyLoginWithCorrectCredentials -->
        <test-method is-config="true" signature="logoutUser()[pri:0, instance:test.LoginTest@4dbb42b7]" started-at="2023-02-09T19:39:31 IST" name="logoutUser" finished-at="2023-02-09T19:39:35 IST" duration-ms="4300" status="PASS">
          <reporter-output>
          </reporter-output>
        </test-method> <!-- logoutUser -->
        <test-method is-config="true" signature="tearDown()[pri:0, instance:test.LoginTest@4dbb42b7]" started-at="2023-02-09T19:39:35 IST" name="tearDown" finished-at="2023-02-09T19:39:36 IST" duration-ms="829" status="PASS">
          <reporter-output>
          </reporter-output>
        </test-method> <!-- tearDown -->
      </class> <!-- test.LoginTest -->
    </test> <!-- Default test -->
  </suite> <!-- Default suite -->
</testng-results>
