<?xml version="1.0" encoding="UTF-8"?>
<!-- Generated by org.testng.reporters.JUnitXMLReporter -->
<testsuite ignored="0" hostname="LAPTOP-LTVBVJ55" failures="0" tests="4" name="Default test" time="14.55" errors="0" timestamp="2023-02-09T19:39:35 IST">
  <testcase classname="test.LoginTest" name="verifyBuildTitleName" time="0.021"/>
  <testcase classname="test.LoginTest" name="verifyTitleOfLoginPage" time="0.402"/>
  <testcase classname="test.LoginTest" name="verifyCurrentUrlOfPage" time="0.012"/>
  <testcase classname="test.LoginTest" name="verifyLoginWithCorrectCredentials" time="2.452"/>
</testsuite> <!-- Default test -->
