<?xml version="1.0" encoding="UTF-8"?>
<!-- Generated by org.testng.reporters.JUnitXMLReporter -->
<testsuite ignored="0" hostname="LAPTOP-LTVBVJ55" failures="0" tests="4" name="Default test" time="36.941" errors="0" timestamp="2023-02-10T18:13:48 IST">
  <testcase classname="test.LoginTest" name="verifyBuildTitleName" time="0.039"/>
  <testcase classname="test.LoginTest" name="verifyTitleOfLoginPage" time="1.474"/>
  <testcase classname="test.LoginTest" name="verifyCurrentUrlOfPage" time="0.01"/>
  <testcase classname="test.LoginTest" name="verifyLoginWithCorrectCredentials" time="3.591"/>
</testsuite> <!-- Default test -->
