<?xml version="1.0" encoding="UTF-8"?>
<!-- Generated by org.testng.reporters.JUnitXMLReporter -->
<testsuite ignored="2" hostname="LAPTOP-LTVBVJ55" failures="1" tests="6" name="Test" time="49.387" errors="0" timestamp="2023-02-07T16:10:51 IST">
  <testcase classname="test.LoginTest" name="verifyBuildTitleName" time="0.021"/>
  <testcase classname="test.LoginTest" name="verifyTitleOfLoginPage" time="0.3"/>
  <testcase classname="test.LoginTest" name="verifyCurrentUrlOfPage" time="0.006"/>
  <testcase classname="test.LoginTest" name="verifyLoginWithCorrectCredentials" time="3.107"/>
  <testcase classname="test.PIMTest" name="verifyPimPageTitle" time="1.796"/>
  <testcase classname="test.PIMTest" name="verifyEmpSearchEmpId" time="12.758">
    <failure type="java.lang.IndexOutOfBoundsException" message="Index 0 out of bounds for length 0">
      <![CDATA[java.lang.IndexOutOfBoundsException: Index 0 out of bounds for length 0
at java.base/jdk.internal.util.Preconditions.outOfBounds(Preconditions.java:64)
at java.base/jdk.internal.util.Preconditions.outOfBoundsCheckIndex(Preconditions.java:70)
at java.base/jdk.internal.util.Preconditions.checkIndex(Preconditions.java:248)
at java.base/java.util.Objects.checkIndex(Objects.java:359)
at java.base/java.util.ArrayList.get(ArrayList.java:427)
at mainjava.PIMPage.getEmpIdFromSearchedResults(PIMPage.java:78)
at test.PIMTest.verifyEmpSearchEmpId(PIMTest.java:19)
at java.base/java.util.ArrayList.forEach(ArrayList.java:1511)
... Removed 27 stack frames]]>
    </failure>
  </testcase> <!-- verifyEmpSearchEmpId -->
  <testcase classname="test.BaseTest" name="@AfterSuite tearDown" time="0.0">
    <ignored/>
  </testcase> <!-- @AfterSuite tearDown -->
  <testcase classname="test.BaseTest" name="@AfterSuite tearDown" time="0.0">
    <ignored/>
  </testcase> <!-- @AfterSuite tearDown -->
</testsuite> <!-- Test -->
